#
# There is insufficient memory for the Java Runtime Environment to continue.
# Native memory allocation (malloc) failed to allocate 1041776 bytes for Chunk::new
# Possible reasons:
#   The system is out of physical RAM or swap space
#   The process is running with CompressedOops enabled, and the Java Heap may be blocking the growth of the native heap
# Possible solutions:
#   Reduce memory load on the system
#   Increase physical memory or swap space
#   Check if swap backing store is full
#   Decrease Java heap size (-Xmx/-Xms)
#   Decrease number of Java threads
#   Decrease Java thread stack sizes (-Xss)
#   Set larger code cache with -XX:ReservedCodeCacheSize=
#   JVM is running with Unscaled Compressed Oops mode in which the Java heap is
#     placed in the first 4GB address space. The Java Heap base address is the
#     maximum limit for the native heap growth. Please use -XX:HeapBaseMinAddress
#     to set the Java Heap base and to place the Java Heap above 4GB virtual address.
# This output file may be truncated or incomplete.
#
#  Out of Memory Error (./src/hotspot/share/memory/arena.cpp:197), pid=4008, tid=4900
#
# JRE version: OpenJDK Runtime Environment (11.0.12+7) (build 11.0.12+7-b1504.28-7817840)
# Java VM: OpenJDK 64-Bit Server VM (11.0.12+7-b1504.28-7817840, mixed mode, tiered, compressed oops, g1 gc, windows-amd64)
# No core dump will be written. Minidumps are not enabled by default on client versions of Windows
#

---------------  S U M M A R Y ------------

Command Line: --add-opens=java.base/java.util=ALL-UNNAMED --add-opens=java.base/java.lang=ALL-UNNAMED --add-opens=java.base/java.lang.invoke=ALL-UNNAMED --add-opens=java.base/java.util=ALL-UNNAMED --add-opens=java.prefs/java.util.prefs=ALL-UNNAMED --add-opens=java.prefs/java.util.prefs=ALL-UNNAMED --add-opens=java.base/java.nio.charset=ALL-UNNAMED --add-opens=java.base/java.net=ALL-UNNAMED --add-opens=java.base/java.util.concurrent.atomic=ALL-UNNAMED -Xmx2048m -Dfile.encoding=UTF-8 -Duser.country=US -Duser.language=en -Duser.variant org.gradle.launcher.daemon.bootstrap.GradleDaemon 7.3.3

Host: Intel(R) Core(TM) i5-2400 CPU @ 3.10GHz, 4 cores, 3G,  Windows 8.1 , 64 bit Build 9600 (6.3.9600.17056)
Time: Tue Jun 21 15:32:40 2022 Pacific Daylight Time elapsed time: 21.336589 seconds (0d 0h 0m 21s)

---------------  T H R E A D  ---------------

Current thread (0x0000002bff2b5000):  JavaThread "C2 CompilerThread0" daemon [_thread_in_native, id=4900, stack(0x0000002b91840000,0x0000002b91940000)]


Current CompileTask:
C2:  21336 9469       4       sun.reflect.generics.visitor.Reifier::visitClassTypeSignature (381 bytes)

Stack: [0x0000002b91840000,0x0000002b91940000]
Native frames: (J=compiled Java code, j=interpreted, Vv=VM code, C=native code)
V  [jvm.dll+0x5fbcea]
V  [jvm.dll+0x731905]
V  [jvm.dll+0x732f1d]
V  [jvm.dll+0x7335d3]
V  [jvm.dll+0x247bf8]
V  [jvm.dll+0xc018c]
V  [jvm.dll+0xc06cc]
V  [jvm.dll+0x35b31d]
V  [jvm.dll+0x328803]
V  [jvm.dll+0x327cfa]
V  [jvm.dll+0x200602]
V  [jvm.dll+0x1ff794]
V  [jvm.dll+0x18868c]
V  [jvm.dll+0x20e0d7]
V  [jvm.dll+0x20c901]
V  [jvm.dll+0x6f9b7f]
V  [jvm.dll+0x6f26a5]
V  [jvm.dll+0x5fabf6]
C  [ucrtbase.DLL+0x682dd]
C  [KERNEL32.DLL+0x16ad]
C  [ntdll.dll+0x6e954]


---------------  P R O C E S S  ---------------

Threads class SMR info:
_java_thread_list=0x0000002b9af8e080, length=77, elements={
0x0000002bf62c4800, 0x0000002bff29a000, 0x0000002bff2a4800, 0x0000002bff2ac800,
0x0000002bff2af000, 0x0000002bff2b1000, 0x0000002bff2b5000, 0x0000002bff2b9000,
0x0000002bff2c7000, 0x0000002b913bf000, 0x0000002b93f1b000, 0x0000002b947d5000,
0x0000002b9450d800, 0x0000002b95013800, 0x0000002b95138000, 0x0000002b925f1800,
0x0000002b925f2000, 0x0000002b95561000, 0x0000002b93efc000, 0x0000002b9501d800,
0x0000002b9501d000, 0x0000002b9501e800, 0x0000002b95021800, 0x0000002b9501f800,
0x0000002b95021000, 0x0000002b95022800, 0x0000002b95020000, 0x0000002b95023800,
0x0000002b953ba800, 0x0000002b953bc000, 0x0000002b953b9800, 0x0000002b953bd800,
0x0000002b953bb000, 0x0000002b953c1000, 0x0000002b953be800, 0x0000002b953c1800,
0x0000002b953bf000, 0x0000002b953c3800, 0x0000002b953c5000, 0x0000002b953c4000,
0x0000002b953c2800, 0x0000002b953c8000, 0x0000002b953c5800, 0x0000002b953c6800,
0x0000002b953c7800, 0x0000002b9af7a800, 0x0000002b9af78000, 0x0000002b9af7b800,
0x0000002b9af7a000, 0x0000002b9af79000, 0x0000002b9af7c000, 0x0000002b9af7f800,
0x0000002b9af7e800, 0x0000002b9af7d000, 0x0000002b9af80800, 0x0000002b9af7e000,
0x0000002b9af83800, 0x0000002b9af81000, 0x0000002b9af84800, 0x0000002b9af83000,
0x0000002b9af82000, 0x0000002b9af86000, 0x0000002b9af85000, 0x0000002b9af87000,
0x0000002b9a030800, 0x0000002b9a030000, 0x0000002b9a02e800, 0x0000002b9a02f000,
0x0000002b9a031800, 0x0000002b9a035000, 0x0000002b9a032800, 0x0000002b9a035800,
0x0000002b9a033000, 0x0000002b9a036800, 0x0000002b9a034000, 0x0000002b9a037800,
0x0000002b9a038000
}

Java Threads: ( => current thread )
  0x0000002bf62c4800 JavaThread "main" [_thread_blocked, id=5764, stack(0x0000002bf5970000,0x0000002bf5a70000)]
  0x0000002bff29a000 JavaThread "Reference Handler" daemon [_thread_blocked, id=2736, stack(0x0000002bffce0000,0x0000002bffde0000)]
  0x0000002bff2a4800 JavaThread "Finalizer" daemon [_thread_blocked, id=4708, stack(0x0000002bffde0000,0x0000002bffee0000)]
  0x0000002bff2ac800 JavaThread "Signal Dispatcher" daemon [_thread_blocked, id=2204, stack(0x0000002bffee0000,0x0000002bfffe0000)]
  0x0000002bff2af000 JavaThread "Attach Listener" daemon [_thread_blocked, id=2196, stack(0x0000002b91640000,0x0000002b91740000)]
  0x0000002bff2b1000 JavaThread "Service Thread" daemon [_thread_blocked, id=2860, stack(0x0000002b91740000,0x0000002b91840000)]
=>0x0000002bff2b5000 JavaThread "C2 CompilerThread0" daemon [_thread_in_native, id=4900, stack(0x0000002b91840000,0x0000002b91940000)]
  0x0000002bff2b9000 JavaThread "C1 CompilerThread0" daemon [_thread_blocked, id=4896, stack(0x0000002b91940000,0x0000002b91a40000)]
  0x0000002bff2c7000 JavaThread "Sweeper thread" daemon [_thread_blocked, id=296, stack(0x0000002b91a40000,0x0000002b91b40000)]
  0x0000002b913bf000 JavaThread "Common-Cleaner" daemon [_thread_blocked, id=2052, stack(0x0000002b91b40000,0x0000002b91c40000)]
  0x0000002b93f1b000 JavaThread "Daemon health stats" [_thread_blocked, id=5872, stack(0x0000002b961f0000,0x0000002b962f0000)]
  0x0000002b947d5000 JavaThread "Incoming local TCP Connector on port 3297" [_thread_in_native, id=3664, stack(0x0000002b96090000,0x0000002b96190000)]
  0x0000002b9450d800 JavaThread "Daemon periodic checks" [_thread_blocked, id=6116, stack(0x0000002b95eb0000,0x0000002b95fb0000)]
  0x0000002b95013800 JavaThread "Daemon" [_thread_blocked, id=4980, stack(0x0000002b962f0000,0x0000002b963f0000)]
  0x0000002b95138000 JavaThread "Handler for socket connection from /127.0.0.1:3297 to /127.0.0.1:3298" [_thread_in_native, id=4360, stack(0x0000002b96bb0000,0x0000002b96cb0000)]
  0x0000002b925f1800 JavaThread "Cancel handler" [_thread_blocked, id=5960, stack(0x0000002b96cb0000,0x0000002b96db0000)]
  0x0000002b925f2000 JavaThread "Daemon worker" [_thread_in_vm, id=4176, stack(0x0000002b96db0000,0x0000002b96eb0000)]
  0x0000002b95561000 JavaThread "Asynchronous log dispatcher for DefaultDaemonConnection: socket connection from /127.0.0.1:3297 to /127.0.0.1:3298" [_thread_blocked, id=5976, stack(0x0000002b96eb0000,0x0000002b96fb0000)]
  0x0000002b93efc000 JavaThread "Stdin handler" [_thread_blocked, id=3820, stack(0x0000002b96fb0000,0x0000002b970b0000)]
  0x0000002b9501d800 JavaThread "Daemon client event forwarder" [_thread_blocked, id=2600, stack(0x0000002b971b0000,0x0000002b972b0000)]
  0x0000002b9501d000 JavaThread "Cache worker for journal cache (C:\Users\admi n\.gradle\caches\journal-1)" [_thread_blocked, id=5984, stack(0x0000002b91d40000,0x0000002b91e40000)]
  0x0000002b9501e800 JavaThread "File lock request listener" [_thread_in_native, id=2576, stack(0x0000002b976b0000,0x0000002b977b0000)]
  0x0000002b95021800 JavaThread "Cache worker for file hash cache (C:\Users\admi n\.gradle\caches\7.3.3\fileHashes)" [_thread_blocked, id=2316, stack(0x0000002b979b0000,0x0000002b97ab0000)]
  0x0000002b9501f800 JavaThread "Cache worker for file hash cache (E:\Disha\DishaShukla\Android\Knowyourbranch\MyATMApplication\.gradle\7.3.3\fileHashes)" [_thread_blocked, id=4740, stack(0x0000002b97cb0000,0x0000002b97db0000)]
  0x0000002b95021000 JavaThread "jar transforms" [_thread_blocked, id=5980, stack(0x0000002b98290000,0x0000002b98390000)]
  0x0000002b95022800 JavaThread "jar transforms Thread 2" [_thread_blocked, id=1840, stack(0x0000002b98390000,0x0000002b98490000)]
  0x0000002b95020000 JavaThread "jar transforms Thread 3" [_thread_blocked, id=3404, stack(0x0000002b98490000,0x0000002b98590000)]
  0x0000002b95023800 JavaThread "jar transforms Thread 4" [_thread_blocked, id=3676, stack(0x0000002b98590000,0x0000002b98690000)]
  0x0000002b953ba800 JavaThread "Cache worker for checksums cache (E:\Disha\DishaShukla\Android\Knowyourbranch\MyATMApplication\.gradle\7.3.3\checksums)" [_thread_blocked, id=6064, stack(0x0000002b98690000,0x0000002b98790000)]
  0x0000002b953bc000 JavaThread "Cache worker for cache directory md-supplier (C:\Users\admi n\.gradle\caches\7.3.3\md-supplier)" [_thread_blocked, id=148, stack(0x0000002b98790000,0x0000002b98890000)]
  0x0000002b953b9800 JavaThread "Cache worker for cache directory md-rule (C:\Users\admi n\.gradle\caches\7.3.3\md-rule)" [_thread_blocked, id=2500, stack(0x0000002b98890000,0x0000002b98990000)]
  0x0000002b953bd800 JavaThread "Cache worker for execution history cache (C:\Users\admi n\.gradle\caches\7.3.3\executionHistory)" [_thread_blocked, id=1064, stack(0x0000002b98b90000,0x0000002b98c90000)]
  0x0000002b953bb000 JavaThread "Cache worker for file content cache (C:\Users\admi n\.gradle\caches\7.3.3\fileContent)" [_thread_blocked, id=5056, stack(0x0000002b9a480000,0x0000002b9a580000)]
  0x0000002b953c1000 JavaThread "Cache worker for dependencies-accessors (E:\Disha\DishaShukla\Android\Knowyourbranch\MyATMApplication\.gradle\7.3.3\dependencies-accessors)" [_thread_blocked, id=6020, stack(0x0000002b9bf50000,0x0000002b9c050000)]
  0x0000002b953be800 JavaThread "Cache worker for Build Output Cleanup Cache (E:\Disha\DishaShukla\Android\Knowyourbranch\MyATMApplication\.gradle\buildOutputCleanup)" [_thread_blocked, id=3840, stack(0x0000002b9c250000,0x0000002b9c350000)]
  0x0000002b953c1800 JavaThread "Unconstrained build operations" [_thread_blocked, id=3400, stack(0x0000002b9c870000,0x0000002b9c970000)]
  0x0000002b953bf000 JavaThread "Unconstrained build operations Thread 2" [_thread_blocked, id=1884, stack(0x0000002b9c970000,0x0000002b9ca70000)]
  0x0000002b953c3800 JavaThread "Unconstrained build operations Thread 3" [_thread_blocked, id=1948, stack(0x0000002b9ca70000,0x0000002b9cb70000)]
  0x0000002b953c5000 JavaThread "Unconstrained build operations Thread 4" [_thread_blocked, id=4672, stack(0x0000002b9cb70000,0x0000002b9cc70000)]
  0x0000002b953c4000 JavaThread "Unconstrained build operations Thread 5" [_thread_blocked, id=2256, stack(0x0000002b9cc70000,0x0000002b9cd70000)]
  0x0000002b953c2800 JavaThread "Unconstrained build operations Thread 6" [_thread_blocked, id=6112, stack(0x0000002b9cd70000,0x0000002b9ce70000)]
  0x0000002b953c8000 JavaThread "Unconstrained build operations Thread 7" [_thread_blocked, id=5572, stack(0x0000002b9ce70000,0x0000002b9cf70000)]
  0x0000002b953c5800 JavaThread "Unconstrained build operations Thread 8" [_thread_blocked, id=4228, stack(0x0000002b9cf70000,0x0000002b9d070000)]
  0x0000002b953c6800 JavaThread "Unconstrained build operations Thread 9" [_thread_blocked, id=6088, stack(0x0000002b9d070000,0x0000002b9d170000)]
  0x0000002b953c7800 JavaThread "Unconstrained build operations Thread 10" [_thread_blocked, id=2872, stack(0x0000002b9d170000,0x0000002b9d270000)]
  0x0000002b9af7a800 JavaThread "Unconstrained build operations Thread 11" [_thread_blocked, id=4884, stack(0x0000002b9d270000,0x0000002b9d370000)]
  0x0000002b9af78000 JavaThread "Unconstrained build operations Thread 12" [_thread_blocked, id=6008, stack(0x0000002b9d370000,0x0000002b9d470000)]
  0x0000002b9af7b800 JavaThread "Unconstrained build operations Thread 13" [_thread_blocked, id=2624, stack(0x0000002b9d470000,0x0000002b9d570000)]
  0x0000002b9af7a000 JavaThread "Unconstrained build operations Thread 14" [_thread_blocked, id=2032, stack(0x0000002b9d570000,0x0000002b9d670000)]
  0x0000002b9af79000 JavaThread "Unconstrained build operations Thread 15" [_thread_blocked, id=5064, stack(0x0000002b9d670000,0x0000002b9d770000)]
  0x0000002b9af7c000 JavaThread "Unconstrained build operations Thread 16" [_thread_blocked, id=4788, stack(0x0000002b9d770000,0x0000002b9d870000)]
  0x0000002b9af7f800 JavaThread "Unconstrained build operations Thread 17" [_thread_blocked, id=2596, stack(0x0000002b9d870000,0x0000002b9d970000)]
  0x0000002b9af7e800 JavaThread "Unconstrained build operations Thread 18" [_thread_blocked, id=4932, stack(0x0000002b9d970000,0x0000002b9da70000)]
  0x0000002b9af7d000 JavaThread "Unconstrained build operations Thread 19" [_thread_blocked, id=5196, stack(0x0000002b9c550000,0x0000002b9c650000)]
  0x0000002b9af80800 JavaThread "Unconstrained build operations Thread 20" [_thread_blocked, id=3980, stack(0x0000002b9c650000,0x0000002b9c750000)]
  0x0000002b9af7e000 JavaThread "Unconstrained build operations Thread 21" [_thread_blocked, id=2856, stack(0x0000002b9c750000,0x0000002b9c850000)]
  0x0000002b9af83800 JavaThread "Unconstrained build operations Thread 22" [_thread_blocked, id=2472, stack(0x0000002b9da70000,0x0000002b9db70000)]
  0x0000002b9af81000 JavaThread "Unconstrained build operations Thread 23" [_thread_blocked, id=1184, stack(0x0000002b9db70000,0x0000002b9dc70000)]
  0x0000002b9af84800 JavaThread "Unconstrained build operations Thread 24" [_thread_blocked, id=4244, stack(0x0000002b9dc70000,0x0000002b9dd70000)]
  0x0000002b9af83000 JavaThread "Unconstrained build operations Thread 25" [_thread_blocked, id=3724, stack(0x0000002b9dd70000,0x0000002b9de70000)]
  0x0000002b9af82000 JavaThread "Unconstrained build operations Thread 26" [_thread_blocked, id=4392, stack(0x0000002b9de70000,0x0000002b9df70000)]
  0x0000002b9af86000 JavaThread "Unconstrained build operations Thread 27" [_thread_blocked, id=3148, stack(0x0000002b9df70000,0x0000002b9e070000)]
  0x0000002b9af85000 JavaThread "Unconstrained build operations Thread 28" [_thread_blocked, id=1768, stack(0x0000002b9e070000,0x0000002b9e170000)]
  0x0000002b9af87000 JavaThread "Unconstrained build operations Thread 29" [_thread_blocked, id=3920, stack(0x0000002b9e170000,0x0000002b9e270000)]
  0x0000002b9a030800 JavaThread "Unconstrained build operations Thread 30" [_thread_blocked, id=4316, stack(0x0000002b9e270000,0x0000002b9e370000)]
  0x0000002b9a030000 JavaThread "Unconstrained build operations Thread 31" [_thread_blocked, id=5192, stack(0x0000002b9e370000,0x0000002b9e470000)]
  0x0000002b9a02e800 JavaThread "Unconstrained build operations Thread 32" [_thread_blocked, id=5148, stack(0x0000002b9e470000,0x0000002b9e570000)]
  0x0000002b9a02f000 JavaThread "Unconstrained build operations Thread 33" [_thread_blocked, id=4736, stack(0x0000002b9e570000,0x0000002b9e670000)]
  0x0000002b9a031800 JavaThread "Unconstrained build operations Thread 34" [_thread_blocked, id=3492, stack(0x0000002b9e670000,0x0000002b9e770000)]
  0x0000002b9a035000 JavaThread "Unconstrained build operations Thread 35" [_thread_blocked, id=3328, stack(0x0000002b9e770000,0x0000002b9e870000)]
  0x0000002b9a032800 JavaThread "Unconstrained build operations Thread 36" [_thread_blocked, id=5228, stack(0x0000002b9e870000,0x0000002b9e970000)]
  0x0000002b9a035800 JavaThread "Unconstrained build operations Thread 37" [_thread_blocked, id=5732, stack(0x0000002b9e970000,0x0000002b9ea70000)]
  0x0000002b9a033000 JavaThread "Unconstrained build operations Thread 38" [_thread_blocked, id=3312, stack(0x0000002b9ea70000,0x0000002b9eb70000)]
  0x0000002b9a036800 JavaThread "Unconstrained build operations Thread 39" [_thread_blocked, id=2436, stack(0x0000002b9eb70000,0x0000002b9ec70000)]
  0x0000002b9a034000 JavaThread "Unconstrained build operations Thread 40" [_thread_blocked, id=5072, stack(0x0000002b9ec70000,0x0000002b9ed70000)]
  0x0000002b9a037800 JavaThread "Memory manager" [_thread_blocked, id=2220, stack(0x0000002b9f570000,0x0000002b9f670000)]
  0x0000002b9a038000 JavaThread "Cache worker for execution history cache (E:\Disha\DishaShukla\Android\Knowyourbranch\MyATMApplication\.gradle\7.3.3\executionHistory)" [_thread_blocked, id=3288, stack(0x0000002ba1540000,0x0000002ba1640000)]

Other Threads:
  0x0000002bff292800 VMThread "VM Thread" [stack: 0x0000002bffbe0000,0x0000002bffce0000] [id=4000]
  0x0000002b913f9000 WatcherThread [stack: 0x0000002b91c40000,0x0000002b91d40000] [id=1776]
  0x0000002bf62db000 GCTaskThread "GC Thread#0" [stack: 0x0000002bf5c50000,0x0000002bf5d50000] [id=5360]
  0x0000002b926e0800 GCTaskThread "GC Thread#1" [stack: 0x0000002b93610000,0x0000002b93710000] [id=5948]
  0x0000002b92c45800 GCTaskThread "GC Thread#2" [stack: 0x0000002b972b0000,0x0000002b973b0000] [id=5864]
  0x0000002b92c46800 GCTaskThread "GC Thread#3" [stack: 0x0000002b973b0000,0x0000002b974b0000] [id=4912]
  0x0000002bf630f800 ConcurrentGCThread "G1 Main Marker" [stack: 0x0000002bfe9a0000,0x0000002bfeaa0000] [id=5384]
  0x0000002bf6312800 ConcurrentGCThread "G1 Conc#0" [stack: 0x0000002bfeaa0000,0x0000002bfeba0000] [id=4488]
  0x0000002bf636d000 ConcurrentGCThread "G1 Refine#0" [stack: 0x0000002bfefe0000,0x0000002bff0e0000] [id=3216]
  0x0000002bf636e000 ConcurrentGCThread "G1 Young RemSet Sampling" [stack: 0x0000002bff2e0000,0x0000002bff3e0000] [id=2092]

Threads with active compile tasks:
C2 CompilerThread0  21414 9469       4       sun.reflect.generics.visitor.Reifier::visitClassTypeSignature (381 bytes)

VM state:not at safepoint (normal execution)

VM Mutex/Monitor currently owned by a thread: None

Heap address: 0x0000000080000000, size: 2048 MB, Compressed Oops mode: 32-bit
Narrow klass base: 0x0000000000000000, Narrow klass shift: 3
Compressed class space size: 1073741824 Address: 0x0000000100000000

Heap:
 garbage-first heap   total 202752K, used 120410K [0x0000000080000000, 0x0000000100000000)
  region size 1024K, 14 young (14336K), 2 survivors (2048K)
 Metaspace       used 90173K, capacity 92538K, committed 92800K, reserved 1130496K
  class space    used 11732K, capacity 12582K, committed 12672K, reserved 1048576K
Heap Regions: E=young(eden), S=young(survivor), O=old, HS=humongous(starts), HC=humongous(continues), CS=collection set, F=free, A=archive, TAMS=top-at-mark-start (previous, next)
|   0|0x0000000080000000, 0x0000000080100000, 0x0000000080100000|100%|HS|  |TAMS 0x0000000080100000, 0x0000000080000000| Complete 
|   1|0x0000000080100000, 0x0000000080200000, 0x0000000080200000|100%|HC|  |TAMS 0x0000000080200000, 0x0000000080100000| Complete 
|   2|0x0000000080200000, 0x0000000080300000, 0x0000000080300000|100%|HC|  |TAMS 0x0000000080300000, 0x0000000080200000| Complete 
|   3|0x0000000080300000, 0x0000000080400000, 0x0000000080400000|100%| O|  |TAMS 0x0000000080400000, 0x0000000080300000| Untracked 
|   4|0x0000000080400000, 0x0000000080500000, 0x0000000080500000|100%| O|  |TAMS 0x0000000080500000, 0x0000000080400000| Untracked 
|   5|0x0000000080500000, 0x0000000080600000, 0x0000000080600000|100%| O|  |TAMS 0x0000000080600000, 0x0000000080500000| Untracked 
|   6|0x0000000080600000, 0x0000000080700000, 0x0000000080700000|100%| O|  |TAMS 0x0000000080700000, 0x0000000080600000| Untracked 
|   7|0x0000000080700000, 0x0000000080800000, 0x0000000080800000|100%| O|  |TAMS 0x0000000080800000, 0x0000000080700000| Untracked 
|   8|0x0000000080800000, 0x0000000080900000, 0x0000000080900000|100%| O|  |TAMS 0x0000000080900000, 0x0000000080800000| Untracked 
|   9|0x0000000080900000, 0x0000000080a00000, 0x0000000080a00000|100%| O|  |TAMS 0x0000000080a00000, 0x0000000080900000| Untracked 
|  10|0x0000000080a00000, 0x0000000080b00000, 0x0000000080b00000|100%| O|  |TAMS 0x0000000080b00000, 0x0000000080a00000| Untracked 
|  11|0x0000000080b00000, 0x0000000080c00000, 0x0000000080c00000|100%| O|  |TAMS 0x0000000080c00000, 0x0000000080b00000| Untracked 
|  12|0x0000000080c00000, 0x0000000080d00000, 0x0000000080d00000|100%| O|  |TAMS 0x0000000080d00000, 0x0000000080c00000| Untracked 
|  13|0x0000000080d00000, 0x0000000080e00000, 0x0000000080e00000|100%| O|  |TAMS 0x0000000080e00000, 0x0000000080d00000| Untracked 
|  14|0x0000000080e00000, 0x0000000080f00000, 0x0000000080f00000|100%| O|  |TAMS 0x0000000080f00000, 0x0000000080e00000| Untracked 
|  15|0x0000000080f00000, 0x0000000081000000, 0x0000000081000000|100%| O|  |TAMS 0x0000000081000000, 0x0000000080f00000| Untracked 
|  16|0x0000000081000000, 0x0000000081100000, 0x0000000081100000|100%|HS|  |TAMS 0x0000000081100000, 0x0000000081000000| Complete 
|  17|0x0000000081100000, 0x0000000081200000, 0x0000000081200000|100%|HC|  |TAMS 0x0000000081200000, 0x0000000081100000| Complete 
|  18|0x0000000081200000, 0x0000000081300000, 0x0000000081300000|100%|HS|  |TAMS 0x0000000081300000, 0x0000000081200000| Complete 
|  19|0x0000000081300000, 0x0000000081400000, 0x0000000081400000|100%|HC|  |TAMS 0x0000000081400000, 0x0000000081300000| Complete 
|  20|0x0000000081400000, 0x0000000081500000, 0x0000000081500000|100%|HC|  |TAMS 0x0000000081500000, 0x0000000081400000| Complete 
|  21|0x0000000081500000, 0x0000000081600000, 0x0000000081600000|100%|HS|  |TAMS 0x0000000081600000, 0x0000000081500000| Complete 
|  22|0x0000000081600000, 0x0000000081700000, 0x0000000081700000|100%|HS|  |TAMS 0x0000000081700000, 0x0000000081600000| Complete 
|  23|0x0000000081700000, 0x0000000081800000, 0x0000000081800000|100%|HC|  |TAMS 0x0000000081800000, 0x0000000081700000| Complete 
|  24|0x0000000081800000, 0x0000000081900000, 0x0000000081900000|100%|HC|  |TAMS 0x0000000081900000, 0x0000000081800000| Complete 
|  25|0x0000000081900000, 0x0000000081a00000, 0x0000000081a00000|100%|HC|  |TAMS 0x0000000081a00000, 0x0000000081900000| Complete 
|  26|0x0000000081a00000, 0x0000000081b00000, 0x0000000081b00000|100%| O|  |TAMS 0x0000000081b00000, 0x0000000081a00000| Untracked 
|  27|0x0000000081b00000, 0x0000000081c00000, 0x0000000081c00000|100%| O|  |TAMS 0x0000000081c00000, 0x0000000081b00000| Untracked 
|  28|0x0000000081c00000, 0x0000000081d00000, 0x0000000081d00000|100%| O|  |TAMS 0x0000000081d00000, 0x0000000081c00000| Untracked 
|  29|0x0000000081d00000, 0x0000000081e00000, 0x0000000081e00000|100%| O|  |TAMS 0x0000000081e00000, 0x0000000081d00000| Untracked 
|  30|0x0000000081e00000, 0x0000000081f00000, 0x0000000081f00000|100%| O|  |TAMS 0x0000000081f00000, 0x0000000081e00000| Untracked 
|  31|0x0000000081f00000, 0x0000000082000000, 0x0000000082000000|100%| O|  |TAMS 0x0000000082000000, 0x0000000081f00000| Untracked 
|  32|0x0000000082000000, 0x0000000082100000, 0x0000000082100000|100%| O|  |TAMS 0x0000000082100000, 0x0000000082000000| Untracked 
|  33|0x0000000082100000, 0x0000000082200000, 0x0000000082200000|100%| O|  |TAMS 0x0000000082200000, 0x0000000082100000| Untracked 
|  34|0x0000000082200000, 0x0000000082300000, 0x0000000082300000|100%| O|  |TAMS 0x0000000082300000, 0x0000000082200000| Untracked 
|  35|0x0000000082300000, 0x0000000082400000, 0x0000000082400000|100%| O|  |TAMS 0x0000000082400000, 0x0000000082300000| Untracked 
|  36|0x0000000082400000, 0x0000000082500000, 0x0000000082500000|100%| O|  |TAMS 0x0000000082500000, 0x0000000082400000| Untracked 
|  37|0x0000000082500000, 0x0000000082600000, 0x0000000082600000|100%| O|  |TAMS 0x0000000082600000, 0x0000000082500000| Untracked 
|  38|0x0000000082600000, 0x0000000082700000, 0x0000000082700000|100%| O|  |TAMS 0x0000000082700000, 0x0000000082600000| Untracked 
|  39|0x0000000082700000, 0x0000000082800000, 0x0000000082800000|100%| O|  |TAMS 0x0000000082800000, 0x0000000082700000| Untracked 
|  40|0x0000000082800000, 0x0000000082900000, 0x0000000082900000|100%| O|  |TAMS 0x0000000082900000, 0x0000000082800000| Untracked 
|  41|0x0000000082900000, 0x0000000082a00000, 0x0000000082a00000|100%| O|  |TAMS 0x0000000082a00000, 0x0000000082900000| Untracked 
|  42|0x0000000082a00000, 0x0000000082b00000, 0x0000000082b00000|100%| O|  |TAMS 0x0000000082b00000, 0x0000000082a00000| Untracked 
|  43|0x0000000082b00000, 0x0000000082c00000, 0x0000000082c00000|100%| O|  |TAMS 0x0000000082c00000, 0x0000000082b00000| Untracked 
|  44|0x0000000082c00000, 0x0000000082d00000, 0x0000000082d00000|100%|HS|  |TAMS 0x0000000082d00000, 0x0000000082c00000| Complete 
|  45|0x0000000082d00000, 0x0000000082e00000, 0x0000000082e00000|100%|HS|  |TAMS 0x0000000082e00000, 0x0000000082d00000| Complete 
|  46|0x0000000082e00000, 0x0000000082f00000, 0x0000000082f00000|100%|HC|  |TAMS 0x0000000082f00000, 0x0000000082e00000| Complete 
|  47|0x0000000082f00000, 0x0000000083000000, 0x0000000083000000|100%|HC|  |TAMS 0x0000000083000000, 0x0000000082f00000| Complete 
|  48|0x0000000083000000, 0x0000000083100000, 0x0000000083100000|100%| O|  |TAMS 0x0000000083100000, 0x0000000083000000| Untracked 
|  49|0x0000000083100000, 0x0000000083200000, 0x0000000083200000|100%| O|  |TAMS 0x0000000083200000, 0x0000000083100000| Untracked 
|  50|0x0000000083200000, 0x0000000083300000, 0x0000000083300000|100%| O|  |TAMS 0x0000000083300000, 0x0000000083200000| Untracked 
|  51|0x0000000083300000, 0x0000000083400000, 0x0000000083400000|100%| O|  |TAMS 0x0000000083400000, 0x0000000083300000| Untracked 
|  52|0x0000000083400000, 0x0000000083500000, 0x0000000083500000|100%| O|  |TAMS 0x0000000083500000, 0x0000000083400000| Untracked 
|  53|0x0000000083500000, 0x0000000083600000, 0x0000000083600000|100%| O|  |TAMS 0x0000000083600000, 0x0000000083500000| Untracked 
|  54|0x0000000083600000, 0x0000000083700000, 0x0000000083700000|100%|HS|  |TAMS 0x0000000083700000, 0x0000000083600000| Complete 
|  55|0x0000000083700000, 0x0000000083800000, 0x0000000083800000|100%|HC|  |TAMS 0x0000000083800000, 0x0000000083700000| Complete 
|  56|0x0000000083800000, 0x0000000083900000, 0x0000000083900000|100%|HC|  |TAMS 0x0000000083900000, 0x0000000083800000| Complete 
|  57|0x0000000083900000, 0x0000000083a00000, 0x0000000083a00000|100%|HC|  |TAMS 0x0000000083a00000, 0x0000000083900000| Complete 
|  58|0x0000000083a00000, 0x0000000083b00000, 0x0000000083b00000|100%| O|  |TAMS 0x0000000083b00000, 0x0000000083a00000| Untracked 
|  59|0x0000000083b00000, 0x0000000083c00000, 0x0000000083c00000|100%| O|  |TAMS 0x0000000083c00000, 0x0000000083b00000| Untracked 
|  60|0x0000000083c00000, 0x0000000083d00000, 0x0000000083d00000|100%|HS|  |TAMS 0x0000000083d00000, 0x0000000083c00000| Complete 
|  61|0x0000000083d00000, 0x0000000083e00000, 0x0000000083e00000|100%|HS|  |TAMS 0x0000000083e00000, 0x0000000083d00000| Complete 
|  62|0x0000000083e00000, 0x0000000083f00000, 0x0000000083f00000|100%| O|  |TAMS 0x0000000083f00000, 0x0000000083e00000| Untracked 
|  63|0x0000000083f00000, 0x0000000084000000, 0x0000000084000000|100%| O|  |TAMS 0x0000000084000000, 0x0000000083f00000| Untracked 
|  64|0x0000000084000000, 0x0000000084100000, 0x0000000084100000|100%| O|  |TAMS 0x0000000084100000, 0x0000000084000000| Untracked 
|  65|0x0000000084100000, 0x0000000084200000, 0x0000000084200000|100%|HS|  |TAMS 0x0000000084200000, 0x0000000084100000| Complete 
|  66|0x0000000084200000, 0x0000000084300000, 0x0000000084300000|100%|HC|  |TAMS 0x0000000084300000, 0x0000000084200000| Complete 
|  67|0x0000000084300000, 0x0000000084400000, 0x0000000084400000|100%| O|  |TAMS 0x0000000084400000, 0x0000000084300000| Untracked 
|  68|0x0000000084400000, 0x0000000084500000, 0x0000000084500000|100%| O|  |TAMS 0x0000000084500000, 0x0000000084400000| Untracked 
|  69|0x0000000084500000, 0x0000000084600000, 0x0000000084600000|100%| O|  |TAMS 0x0000000084600000, 0x0000000084500000| Untracked 
|  70|0x0000000084600000, 0x0000000084700000, 0x0000000084700000|100%| O|  |TAMS 0x0000000084700000, 0x0000000084600000| Untracked 
|  71|0x0000000084700000, 0x0000000084800000, 0x0000000084800000|100%| O|  |TAMS 0x0000000084800000, 0x0000000084700000| Untracked 
|  72|0x0000000084800000, 0x0000000084900000, 0x0000000084900000|100%| O|  |TAMS 0x0000000084900000, 0x0000000084800000| Untracked 
|  73|0x0000000084900000, 0x0000000084a00000, 0x0000000084a00000|100%| O|  |TAMS 0x0000000084a00000, 0x0000000084900000| Untracked 
|  74|0x0000000084a00000, 0x0000000084b00000, 0x0000000084b00000|100%| O|  |TAMS 0x0000000084b00000, 0x0000000084a00000| Untracked 
|  75|0x0000000084b00000, 0x0000000084c00000, 0x0000000084c00000|100%| O|  |TAMS 0x0000000084c00000, 0x0000000084b00000| Untracked 
|  76|0x0000000084c00000, 0x0000000084d00000, 0x0000000084d00000|100%| O|  |TAMS 0x0000000084d00000, 0x0000000084c00000| Untracked 
|  77|0x0000000084d00000, 0x0000000084e00000, 0x0000000084e00000|100%| O|  |TAMS 0x0000000084e00000, 0x0000000084d00000| Untracked 
|  78|0x0000000084e00000, 0x0000000084f00000, 0x0000000084f00000|100%| O|  |TAMS 0x0000000084f00000, 0x0000000084e00000| Untracked 
|  79|0x0000000084f00000, 0x0000000085000000, 0x0000000085000000|100%| O|  |TAMS 0x0000000085000000, 0x0000000084f00000| Untracked 
|  80|0x0000000085000000, 0x0000000085100000, 0x0000000085100000|100%| O|  |TAMS 0x0000000085100000, 0x0000000085000000| Untracked 
|  81|0x0000000085100000, 0x0000000085200000, 0x0000000085200000|100%| O|  |TAMS 0x0000000085200000, 0x0000000085100000| Untracked 
|  82|0x0000000085200000, 0x0000000085300000, 0x0000000085300000|100%| O|  |TAMS 0x0000000085300000, 0x0000000085200000| Untracked 
|  83|0x0000000085300000, 0x0000000085400000, 0x0000000085400000|100%| O|  |TAMS 0x0000000085400000, 0x0000000085300000| Untracked 
|  84|0x0000000085400000, 0x0000000085500000, 0x0000000085500000|100%| O|  |TAMS 0x0000000085500000, 0x0000000085400000| Untracked 
|  85|0x0000000085500000, 0x0000000085600000, 0x0000000085600000|100%|HS|  |TAMS 0x0000000085600000, 0x0000000085500000| Complete 
|  86|0x0000000085600000, 0x0000000085700000, 0x0000000085700000|100%|HC|  |TAMS 0x0000000085700000, 0x0000000085600000| Complete 
|  87|0x0000000085700000, 0x0000000085800000, 0x0000000085800000|100%|HS|  |TAMS 0x0000000085800000, 0x0000000085700000| Complete 
|  88|0x0000000085800000, 0x0000000085900000, 0x0000000085900000|100%|HC|  |TAMS 0x0000000085900000, 0x0000000085800000| Complete 
|  89|0x0000000085900000, 0x0000000085a00000, 0x0000000085a00000|100%|HC|  |TAMS 0x0000000085a00000, 0x0000000085900000| Complete 
|  90|0x0000000085a00000, 0x0000000085b00000, 0x0000000085b00000|100%|HS|  |TAMS 0x0000000085b00000, 0x0000000085a00000| Complete 
|  91|0x0000000085b00000, 0x0000000085c00000, 0x0000000085c00000|100%|HS|  |TAMS 0x0000000085c00000, 0x0000000085b00000| Complete 
|  92|0x0000000085c00000, 0x0000000085d00000, 0x0000000085d00000|100%|HC|  |TAMS 0x0000000085d00000, 0x0000000085c00000| Complete 
|  93|0x0000000085d00000, 0x0000000085e00000, 0x0000000085e00000|100%|HC|  |TAMS 0x0000000085e00000, 0x0000000085d00000| Complete 
|  94|0x0000000085e00000, 0x0000000085f00000, 0x0000000085f00000|100%|HC|  |TAMS 0x0000000085f00000, 0x0000000085e00000| Complete 
|  95|0x0000000085f00000, 0x0000000086000000, 0x0000000086000000|100%| O|  |TAMS 0x0000000086000000, 0x0000000085f00000| Untracked 
|  96|0x0000000086000000, 0x0000000086100000, 0x0000000086100000|100%| O|  |TAMS 0x0000000086100000, 0x0000000086000000| Untracked 
|  97|0x0000000086100000, 0x0000000086200000, 0x0000000086200000|100%| O|  |TAMS 0x0000000086200000, 0x0000000086100000| Untracked 
|  98|0x0000000086200000, 0x0000000086300000, 0x0000000086300000|100%| O|  |TAMS 0x0000000086300000, 0x0000000086200000| Untracked 
|  99|0x0000000086300000, 0x0000000086400000, 0x0000000086400000|100%| O|  |TAMS 0x0000000086400000, 0x0000000086300000| Untracked 
| 100|0x0000000086400000, 0x0000000086500000, 0x0000000086500000|100%| O|  |TAMS 0x0000000086500000, 0x0000000086400000| Untracked 
| 101|0x0000000086500000, 0x0000000086600000, 0x0000000086600000|100%| O|  |TAMS 0x0000000086600000, 0x0000000086500000| Untracked 
| 102|0x0000000086600000, 0x0000000086700000, 0x0000000086700000|100%| O|  |TAMS 0x0000000086700000, 0x0000000086600000| Untracked 
| 103|0x0000000086700000, 0x0000000086800000, 0x0000000086800000|100%| O|  |TAMS 0x0000000086800000, 0x0000000086700000| Untracked 
| 104|0x0000000086800000, 0x0000000086896e00, 0x0000000086900000| 58%| O|  |TAMS 0x0000000086896e00, 0x0000000086800000| Untracked 
| 105|0x0000000086900000, 0x0000000086900000, 0x0000000086a00000|  0%| F|  |TAMS 0x0000000086900000, 0x0000000086900000| Untracked 
| 106|0x0000000086a00000, 0x0000000086a00000, 0x0000000086b00000|  0%| F|  |TAMS 0x0000000086a00000, 0x0000000086a00000| Untracked 
| 107|0x0000000086b00000, 0x0000000086b00000, 0x0000000086c00000|  0%| F|  |TAMS 0x0000000086b00000, 0x0000000086b00000| Untracked 
| 108|0x0000000086c00000, 0x0000000086c00000, 0x0000000086d00000|  0%| F|  |TAMS 0x0000000086c00000, 0x0000000086c00000| Untracked 
| 109|0x0000000086d00000, 0x0000000086d00000, 0x0000000086e00000|  0%| F|  |TAMS 0x0000000086d00000, 0x0000000086d00000| Untracked 
| 110|0x0000000086e00000, 0x0000000086e00000, 0x0000000086f00000|  0%| F|  |TAMS 0x0000000086e00000, 0x0000000086e00000| Untracked 
| 111|0x0000000086f00000, 0x0000000086f00000, 0x0000000087000000|  0%| F|  |TAMS 0x0000000086f00000, 0x0000000086f00000| Untracked 
| 112|0x0000000087000000, 0x0000000087000000, 0x0000000087100000|  0%| F|  |TAMS 0x0000000087000000, 0x0000000087000000| Untracked 
| 113|0x0000000087100000, 0x0000000087100000, 0x0000000087200000|  0%| F|  |TAMS 0x0000000087100000, 0x0000000087100000| Untracked 
| 114|0x0000000087200000, 0x0000000087200000, 0x0000000087300000|  0%| F|  |TAMS 0x0000000087200000, 0x0000000087200000| Untracked 
| 115|0x0000000087300000, 0x0000000087300000, 0x0000000087400000|  0%| F|  |TAMS 0x0000000087300000, 0x0000000087300000| Untracked 
| 116|0x0000000087400000, 0x0000000087400000, 0x0000000087500000|  0%| F|  |TAMS 0x0000000087400000, 0x0000000087400000| Untracked 
| 117|0x0000000087500000, 0x0000000087500000, 0x0000000087600000|  0%| F|  |TAMS 0x0000000087500000, 0x0000000087500000| Untracked 
| 118|0x0000000087600000, 0x0000000087600000, 0x0000000087700000|  0%| F|  |TAMS 0x0000000087600000, 0x0000000087600000| Untracked 
| 119|0x0000000087700000, 0x0000000087700000, 0x0000000087800000|  0%| F|  |TAMS 0x0000000087700000, 0x0000000087700000| Untracked 
| 120|0x0000000087800000, 0x0000000087800000, 0x0000000087900000|  0%| F|  |TAMS 0x0000000087800000, 0x0000000087800000| Untracked 
| 121|0x0000000087900000, 0x0000000087900000, 0x0000000087a00000|  0%| F|  |TAMS 0x0000000087900000, 0x0000000087900000| Untracked 
| 122|0x0000000087a00000, 0x0000000087a00000, 0x0000000087b00000|  0%| F|  |TAMS 0x0000000087a00000, 0x0000000087a00000| Untracked 
| 123|0x0000000087b00000, 0x0000000087b00000, 0x0000000087c00000|  0%| F|  |TAMS 0x0000000087b00000, 0x0000000087b00000| Untracked 
| 124|0x0000000087c00000, 0x0000000087c00000, 0x0000000087d00000|  0%| F|  |TAMS 0x0000000087c00000, 0x0000000087c00000| Untracked 
| 125|0x0000000087d00000, 0x0000000087d00000, 0x0000000087e00000|  0%| F|  |TAMS 0x0000000087d00000, 0x0000000087d00000| Untracked 
| 126|0x0000000087e00000, 0x0000000087e00000, 0x0000000087f00000|  0%| F|  |TAMS 0x0000000087e00000, 0x0000000087e00000| Untracked 
| 127|0x0000000087f00000, 0x0000000087f00000, 0x0000000088000000|  0%| F|  |TAMS 0x0000000087f00000, 0x0000000087f00000| Untracked 
| 128|0x0000000088000000, 0x0000000088000000, 0x0000000088100000|  0%| F|  |TAMS 0x0000000088000000, 0x0000000088000000| Untracked 
| 129|0x0000000088100000, 0x0000000088100000, 0x0000000088200000|  0%| F|  |TAMS 0x0000000088100000, 0x0000000088100000| Untracked 
| 130|0x0000000088200000, 0x0000000088200000, 0x0000000088300000|  0%| F|  |TAMS 0x0000000088200000, 0x0000000088200000| Untracked 
| 131|0x0000000088300000, 0x0000000088300000, 0x0000000088400000|  0%| F|  |TAMS 0x0000000088300000, 0x0000000088300000| Untracked 
| 132|0x0000000088400000, 0x0000000088400000, 0x0000000088500000|  0%| F|  |TAMS 0x0000000088400000, 0x0000000088400000| Untracked 
| 133|0x0000000088500000, 0x0000000088500000, 0x0000000088600000|  0%| F|  |TAMS 0x0000000088500000, 0x0000000088500000| Untracked 
| 134|0x0000000088600000, 0x0000000088600000, 0x0000000088700000|  0%| F|  |TAMS 0x0000000088600000, 0x0000000088600000| Untracked 
| 135|0x0000000088700000, 0x0000000088700000, 0x0000000088800000|  0%| F|  |TAMS 0x0000000088700000, 0x0000000088700000| Untracked 
| 136|0x0000000088800000, 0x0000000088800000, 0x0000000088900000|  0%| F|  |TAMS 0x0000000088800000, 0x0000000088800000| Untracked 
| 137|0x0000000088900000, 0x0000000088900000, 0x0000000088a00000|  0%| F|  |TAMS 0x0000000088900000, 0x0000000088900000| Untracked 
| 138|0x0000000088a00000, 0x0000000088a00000, 0x0000000088b00000|  0%| F|  |TAMS 0x0000000088a00000, 0x0000000088a00000| Untracked 
| 139|0x0000000088b00000, 0x0000000088b00000, 0x0000000088c00000|  0%| F|  |TAMS 0x0000000088b00000, 0x0000000088b00000| Untracked 
| 140|0x0000000088c00000, 0x0000000088c00000, 0x0000000088d00000|  0%| F|  |TAMS 0x0000000088c00000, 0x0000000088c00000| Untracked 
| 141|0x0000000088d00000, 0x0000000088d00000, 0x0000000088e00000|  0%| F|  |TAMS 0x0000000088d00000, 0x0000000088d00000| Untracked 
| 142|0x0000000088e00000, 0x0000000088e00000, 0x0000000088f00000|  0%| F|  |TAMS 0x0000000088e00000, 0x0000000088e00000| Untracked 
| 143|0x0000000088f00000, 0x0000000088f00000, 0x0000000089000000|  0%| F|  |TAMS 0x0000000088f00000, 0x0000000088f00000| Untracked 
| 144|0x0000000089000000, 0x0000000089000000, 0x0000000089100000|  0%| F|  |TAMS 0x0000000089000000, 0x0000000089000000| Untracked 
| 145|0x0000000089100000, 0x0000000089100000, 0x0000000089200000|  0%| F|  |TAMS 0x0000000089100000, 0x0000000089100000| Untracked 
| 146|0x0000000089200000, 0x0000000089200000, 0x0000000089300000|  0%| F|  |TAMS 0x0000000089200000, 0x0000000089200000| Untracked 
| 147|0x0000000089300000, 0x0000000089300000, 0x0000000089400000|  0%| F|  |TAMS 0x0000000089300000, 0x0000000089300000| Untracked 
| 148|0x0000000089400000, 0x0000000089400000, 0x0000000089500000|  0%| F|  |TAMS 0x0000000089400000, 0x0000000089400000| Untracked 
| 149|0x0000000089500000, 0x0000000089500000, 0x0000000089600000|  0%| F|  |TAMS 0x0000000089500000, 0x0000000089500000| Untracked 
| 150|0x0000000089600000, 0x0000000089600000, 0x0000000089700000|  0%| F|  |TAMS 0x0000000089600000, 0x0000000089600000| Untracked 
| 151|0x0000000089700000, 0x0000000089700000, 0x0000000089800000|  0%| F|  |TAMS 0x0000000089700000, 0x0000000089700000| Untracked 
| 152|0x0000000089800000, 0x0000000089800000, 0x0000000089900000|  0%| F|  |TAMS 0x0000000089800000, 0x0000000089800000| Untracked 
| 153|0x0000000089900000, 0x0000000089900000, 0x0000000089a00000|  0%| F|  |TAMS 0x0000000089900000, 0x0000000089900000| Untracked 
| 154|0x0000000089a00000, 0x0000000089a00000, 0x0000000089b00000|  0%| F|  |TAMS 0x0000000089a00000, 0x0000000089a00000| Untracked 
| 155|0x0000000089b00000, 0x0000000089b00000, 0x0000000089c00000|  0%| F|  |TAMS 0x0000000089b00000, 0x0000000089b00000| Untracked 
| 156|0x0000000089c00000, 0x0000000089cffa88, 0x0000000089d00000| 99%| S|CS|TAMS 0x0000000089c00000, 0x0000000089c00000| Complete 
| 157|0x0000000089d00000, 0x0000000089e00000, 0x0000000089e00000|100%| S|CS|TAMS 0x0000000089d00000, 0x0000000089d00000| Complete 
| 158|0x0000000089e00000, 0x0000000089e00000, 0x0000000089f00000|  0%| F|  |TAMS 0x0000000089e00000, 0x0000000089e00000| Untracked 
| 159|0x0000000089f00000, 0x0000000089f00000, 0x000000008a000000|  0%| F|  |TAMS 0x0000000089f00000, 0x0000000089f00000| Untracked 
| 160|0x000000008a000000, 0x000000008a000000, 0x000000008a100000|  0%| F|  |TAMS 0x000000008a000000, 0x000000008a000000| Untracked 
| 161|0x000000008a100000, 0x000000008a100000, 0x000000008a200000|  0%| F|  |TAMS 0x000000008a100000, 0x000000008a100000| Untracked 
| 162|0x000000008a200000, 0x000000008a200000, 0x000000008a300000|  0%| F|  |TAMS 0x000000008a200000, 0x000000008a200000| Untracked 
| 163|0x000000008a300000, 0x000000008a300000, 0x000000008a400000|  0%| F|  |TAMS 0x000000008a300000, 0x000000008a300000| Untracked 
| 164|0x000000008a400000, 0x000000008a400000, 0x000000008a500000|  0%| F|  |TAMS 0x000000008a400000, 0x000000008a400000| Untracked 
| 165|0x000000008a500000, 0x000000008a500000, 0x000000008a600000|  0%| F|  |TAMS 0x000000008a500000, 0x000000008a500000| Untracked 
| 166|0x000000008a600000, 0x000000008a600000, 0x000000008a700000|  0%| F|  |TAMS 0x000000008a600000, 0x000000008a600000| Untracked 
| 167|0x000000008a700000, 0x000000008a700000, 0x000000008a800000|  0%| F|  |TAMS 0x000000008a700000, 0x000000008a700000| Untracked 
| 168|0x000000008a800000, 0x000000008a800000, 0x000000008a900000|  0%| F|  |TAMS 0x000000008a800000, 0x000000008a800000| Untracked 
| 169|0x000000008a900000, 0x000000008a900000, 0x000000008aa00000|  0%| F|  |TAMS 0x000000008a900000, 0x000000008a900000| Untracked 
| 170|0x000000008aa00000, 0x000000008aa00000, 0x000000008ab00000|  0%| F|  |TAMS 0x000000008aa00000, 0x000000008aa00000| Untracked 
| 171|0x000000008ab00000, 0x000000008ab00000, 0x000000008ac00000|  0%| F|  |TAMS 0x000000008ab00000, 0x000000008ab00000| Untracked 
| 172|0x000000008ac00000, 0x000000008ac00000, 0x000000008ad00000|  0%| F|  |TAMS 0x000000008ac00000, 0x000000008ac00000| Untracked 
| 173|0x000000008ad00000, 0x000000008ad00000, 0x000000008ae00000|  0%| F|  |TAMS 0x000000008ad00000, 0x000000008ad00000| Untracked 
| 174|0x000000008ae00000, 0x000000008ae00000, 0x000000008af00000|  0%| F|  |TAMS 0x000000008ae00000, 0x000000008ae00000| Untracked 
| 175|0x000000008af00000, 0x000000008af00000, 0x000000008b000000|  0%| F|  |TAMS 0x000000008af00000, 0x000000008af00000| Untracked 
| 176|0x000000008b000000, 0x000000008b000000, 0x000000008b100000|  0%| F|  |TAMS 0x000000008b000000, 0x000000008b000000| Untracked 
| 177|0x000000008b100000, 0x000000008b100000, 0x000000008b200000|  0%| F|  |TAMS 0x000000008b100000, 0x000000008b100000| Untracked 
| 178|0x000000008b200000, 0x000000008b200000, 0x000000008b300000|  0%| F|  |TAMS 0x000000008b200000, 0x000000008b200000| Untracked 
| 179|0x000000008b300000, 0x000000008b300000, 0x000000008b400000|  0%| F|  |TAMS 0x000000008b300000, 0x000000008b300000| Untracked 
| 180|0x000000008b400000, 0x000000008b400000, 0x000000008b500000|  0%| F|  |TAMS 0x000000008b400000, 0x000000008b400000| Untracked 
| 181|0x000000008b500000, 0x000000008b500000, 0x000000008b600000|  0%| F|  |TAMS 0x000000008b500000, 0x000000008b500000| Untracked 
| 182|0x000000008b600000, 0x000000008b600000, 0x000000008b700000|  0%| F|  |TAMS 0x000000008b600000, 0x000000008b600000| Untracked 
| 183|0x000000008b700000, 0x000000008b700000, 0x000000008b800000|  0%| F|  |TAMS 0x000000008b700000, 0x000000008b700000| Untracked 
| 184|0x000000008b800000, 0x000000008b800000, 0x000000008b900000|  0%| F|  |TAMS 0x000000008b800000, 0x000000008b800000| Untracked 
| 185|0x000000008b900000, 0x000000008b900000, 0x000000008ba00000|  0%| F|  |TAMS 0x000000008b900000, 0x000000008b900000| Untracked 
| 186|0x000000008ba00000, 0x000000008ba80800, 0x000000008bb00000| 50%| E|  |TAMS 0x000000008ba00000, 0x000000008ba00000| Complete 
| 187|0x000000008bb00000, 0x000000008bc00000, 0x000000008bc00000|100%| E|CS|TAMS 0x000000008bb00000, 0x000000008bb00000| Complete 
| 188|0x000000008bc00000, 0x000000008bd00000, 0x000000008bd00000|100%| E|CS|TAMS 0x000000008bc00000, 0x000000008bc00000| Complete 
| 189|0x000000008bd00000, 0x000000008be00000, 0x000000008be00000|100%| E|CS|TAMS 0x000000008bd00000, 0x000000008bd00000| Complete 
| 190|0x000000008be00000, 0x000000008bf00000, 0x000000008bf00000|100%| E|CS|TAMS 0x000000008be00000, 0x000000008be00000| Complete 
| 191|0x000000008bf00000, 0x000000008c000000, 0x000000008c000000|100%| E|CS|TAMS 0x000000008bf00000, 0x000000008bf00000| Complete 
| 192|0x000000008c000000, 0x000000008c100000, 0x000000008c100000|100%| E|CS|TAMS 0x000000008c000000, 0x000000008c000000| Complete 
| 193|0x000000008c100000, 0x000000008c200000, 0x000000008c200000|100%| E|CS|TAMS 0x000000008c100000, 0x000000008c100000| Complete 
| 194|0x000000008c200000, 0x000000008c300000, 0x000000008c300000|100%| E|CS|TAMS 0x000000008c200000, 0x000000008c200000| Complete 
| 195|0x000000008c300000, 0x000000008c400000, 0x000000008c400000|100%| E|CS|TAMS 0x000000008c300000, 0x000000008c300000| Complete 
| 196|0x000000008c400000, 0x000000008c500000, 0x000000008c500000|100%| E|CS|TAMS 0x000000008c400000, 0x000000008c400000| Complete 
| 197|0x000000008c500000, 0x000000008c600000, 0x000000008c600000|100%| E|CS|TAMS 0x000000008c500000, 0x000000008c500000| Complete 

Card table byte_map: [0x0000002bfa1a0000,0x0000002bfa5a0000] _byte_map_base: 0x0000002bf9da0000

Marking Bits (Prev, Next): (CMBitMap*) 0x0000002bf6306818, (CMBitMap*) 0x0000002bf6306850
 Prev Bits: [0x0000002bfa9a0000, 0x0000002bfc9a0000)
 Next Bits: [0x0000002bfc9a0000, 0x0000002bfe9a0000)

Polling page: 0x0000002bf4090000

Metaspace:

Usage:
  Non-class:     78.08 MB capacity,    76.62 MB ( 98%) used,     1.23 MB (  2%) free+waste,   240.75 KB ( <1%) overhead. 
      Class:     12.29 MB capacity,    11.46 MB ( 93%) used,   735.16 KB (  6%) free+waste,   111.81 KB ( <1%) overhead. 
       Both:     90.37 MB capacity,    88.08 MB ( 97%) used,     1.94 MB (  2%) free+waste,   352.56 KB ( <1%) overhead. 

Virtual space:
  Non-class space:       80.00 MB reserved,      78.25 MB ( 98%) committed 
      Class space:        1.00 GB reserved,      12.38 MB (  1%) committed 
             Both:        1.08 GB reserved,      90.63 MB (  8%) committed 

Chunk freelists:
   Non-Class:  44.00 KB
       Class:  26.00 KB
        Both:  70.00 KB

MaxMetaspaceSize: 17179869184.00 GB
CompressedClassSpaceSize: 1.00 GB
Initial GC threshold: 20.80 MB
Current GC threshold: 141.46 MB
CDS: off

CodeHeap 'non-profiled nmethods': size=120064Kb used=4537Kb max_used=4537Kb free=115526Kb
 bounds [0x0000002b87ac0000, 0x0000002b87f30000, 0x0000002b8f000000]
CodeHeap 'profiled nmethods': size=120000Kb used=18199Kb max_used=18199Kb free=101800Kb
 bounds [0x0000002b80590000, 0x0000002b81760000, 0x0000002b87ac0000]
CodeHeap 'non-nmethods': size=5696Kb used=2385Kb max_used=2420Kb free=3310Kb
 bounds [0x0000002b80000000, 0x0000002b80270000, 0x0000002b80590000]
 total_blobs=10149 nmethods=9245 adapters=816
 compilation: enabled
              stopped_count=0, restarted_count=0
 full_count=0

Compilation events (20 events):
Event: 21.256 Thread 0x0000002bff2b5000 nmethod 9435 0x0000002b87f2bc90 code [0x0000002b87f2bec0, 0x0000002b87f2cf40]
Event: 21.256 Thread 0x0000002bff2b5000 9468       4       com.google.common.collect.AbstractIndexedListIterator::next (31 bytes)
Event: 21.257 Thread 0x0000002bff2b5000 nmethod 9468 0x0000002b87f2d890 code [0x0000002b87f2da40, 0x0000002b87f2db38]
Event: 21.257 Thread 0x0000002bff2b5000 9461       4       java.util.regex.Pattern$BmpCharPredicate$$Lambda$14/0x0000000100090440::is (13 bytes)
Event: 21.259 Thread 0x0000002bff2b5000 nmethod 9461 0x0000002b87f2dc90 code [0x0000002b87f2de40, 0x0000002b87f2dff8]
Event: 21.265 Thread 0x0000002bff2b5000 9469       4       sun.reflect.generics.visitor.Reifier::visitClassTypeSignature (381 bytes)
Event: 21.272 Thread 0x0000002bff2b9000 9471   !   3       org.gradle.api.internal.project.DefaultProjectStateRegistry$ProjectStateImpl::getMutableModel (47 bytes)
Event: 21.273 Thread 0x0000002bff2b9000 nmethod 9471 0x0000002b8174bb90 code [0x0000002b8174be40, 0x0000002b8174cb48]
Event: 21.282 Thread 0x0000002bff2b9000 9472       3       com.sun.org.apache.xerces.internal.xni.QName::clear (21 bytes)
Event: 21.282 Thread 0x0000002bff2b9000 nmethod 9472 0x0000002b8174d190 code [0x0000002b8174d340, 0x0000002b8174d4f8]
Event: 21.282 Thread 0x0000002bff2b9000 9473       3       com.sun.org.apache.xerces.internal.xni.QName::<init> (9 bytes)
Event: 21.282 Thread 0x0000002bff2b9000 nmethod 9473 0x0000002b8174d590 code [0x0000002b8174d760, 0x0000002b8174d9f8]
Event: 21.285 Thread 0x0000002bff2b9000 9474       3       java.lang.ClassLoader::findClass (9 bytes)
Event: 21.285 Thread 0x0000002bff2b9000 nmethod 9474 0x0000002b8174db10 code [0x0000002b8174dcc0, 0x0000002b8174de48]
Event: 21.287 Thread 0x0000002bff2b9000 9475       3       com.sun.org.apache.xerces.internal.utils.XMLSecurityManager$NameMap::getOldName (18 bytes)
Event: 21.288 Thread 0x0000002bff2b9000 nmethod 9475 0x0000002b8174df10 code [0x0000002b8174e0e0, 0x0000002b8174e288]
Event: 21.312 Thread 0x0000002bff2b9000 9476       3       com.sun.org.apache.xerces.internal.util.XMLChar::isSpace (22 bytes)
Event: 21.312 Thread 0x0000002bff2b9000 nmethod 9476 0x0000002b8174e390 code [0x0000002b8174e540, 0x0000002b8174e6f8]
Event: 21.312 Thread 0x0000002bff2b9000 9477       3       com.sun.org.apache.xerces.internal.util.SymbolTable::hash (53 bytes)
Event: 21.312 Thread 0x0000002bff2b9000 nmethod 9477 0x0000002b8174e810 code [0x0000002b8174e9e0, 0x0000002b8174ec48]

GC Heap History (20 events):
Event: 14.781 GC heap before
{Heap before GC invocations=40 (full 0):
 garbage-first heap   total 138240K, used 103078K [0x0000000080000000, 0x0000000100000000)
  region size 1024K, 28 young (28672K), 3 survivors (3072K)
 Metaspace       used 61674K, capacity 63377K, committed 63616K, reserved 1103872K
  class space    used 7933K, capacity 8511K, committed 8576K, reserved 1048576K
}
Event: 14.786 GC heap after
{Heap after GC invocations=41 (full 0):
 garbage-first heap   total 168960K, used 77853K [0x0000000080000000, 0x0000000100000000)
  region size 1024K, 3 young (3072K), 3 survivors (3072K)
 Metaspace       used 61674K, capacity 63377K, committed 63616K, reserved 1103872K
  class space    used 7933K, capacity 8511K, committed 8576K, reserved 1048576K
}
Event: 15.825 GC heap before
{Heap before GC invocations=42 (full 0):
 garbage-first heap   total 168960K, used 121885K [0x0000000080000000, 0x0000000100000000)
  region size 1024K, 47 young (48128K), 3 survivors (3072K)
 Metaspace       used 68502K, capacity 70205K, committed 70400K, reserved 1110016K
  class space    used 8770K, capacity 9398K, committed 9472K, reserved 1048576K
}
Event: 15.838 GC heap after
{Heap after GC invocations=43 (full 0):
 garbage-first heap   total 168960K, used 81174K [0x0000000080000000, 0x0000000100000000)
  region size 1024K, 6 young (6144K), 6 survivors (6144K)
 Metaspace       used 68502K, capacity 70205K, committed 70400K, reserved 1110016K
  class space    used 8770K, capacity 9398K, committed 9472K, reserved 1048576K
}
Event: 16.602 GC heap before
{Heap before GC invocations=43 (full 0):
 garbage-first heap   total 168960K, used 125206K [0x0000000080000000, 0x0000000100000000)
  region size 1024K, 50 young (51200K), 6 survivors (6144K)
 Metaspace       used 71984K, capacity 73866K, committed 74240K, reserved 1114112K
  class space    used 9206K, capacity 9865K, committed 9984K, reserved 1048576K
}
Event: 16.611 GC heap after
{Heap after GC invocations=44 (full 0):
 garbage-first heap   total 168960K, used 83615K [0x0000000080000000, 0x0000000100000000)
  region size 1024K, 6 young (6144K), 6 survivors (6144K)
 Metaspace       used 71984K, capacity 73866K, committed 74240K, reserved 1114112K
  class space    used 9206K, capacity 9865K, committed 9984K, reserved 1048576K
}
Event: 16.681 GC heap before
{Heap before GC invocations=44 (full 0):
 garbage-first heap   total 168960K, used 86687K [0x0000000080000000, 0x0000000100000000)
  region size 1024K, 10 young (10240K), 6 survivors (6144K)
 Metaspace       used 72295K, capacity 74166K, committed 74496K, reserved 1114112K
  class space    used 9247K, capacity 9900K, committed 9984K, reserved 1048576K
}
Event: 16.687 GC heap after
{Heap after GC invocations=45 (full 0):
 garbage-first heap   total 168960K, used 84323K [0x0000000080000000, 0x0000000100000000)
  region size 1024K, 4 young (4096K), 4 survivors (4096K)
 Metaspace       used 72295K, capacity 74166K, committed 74496K, reserved 1114112K
  class space    used 9247K, capacity 9900K, committed 9984K, reserved 1048576K
}
Event: 17.220 GC heap before
{Heap before GC invocations=46 (full 0):
 garbage-first heap   total 168960K, used 120163K [0x0000000080000000, 0x0000000100000000)
  region size 1024K, 39 young (39936K), 4 survivors (4096K)
 Metaspace       used 73294K, capacity 75324K, committed 75392K, reserved 1114112K
  class space    used 9388K, capacity 10109K, committed 10112K, reserved 1048576K
}
Event: 17.227 GC heap after
{Heap after GC invocations=47 (full 0):
 garbage-first heap   total 168960K, used 86689K [0x0000000080000000, 0x0000000100000000)
  region size 1024K, 3 young (3072K), 3 survivors (3072K)
 Metaspace       used 73294K, capacity 75324K, committed 75392K, reserved 1114112K
  class space    used 9388K, capacity 10109K, committed 10112K, reserved 1048576K
}
Event: 17.800 GC heap before
{Heap before GC invocations=47 (full 0):
 garbage-first heap   total 168960K, used 124577K [0x0000000080000000, 0x0000000100000000)
  region size 1024K, 40 young (40960K), 3 survivors (3072K)
 Metaspace       used 76956K, capacity 78973K, committed 79104K, reserved 1118208K
  class space    used 10024K, capacity 10728K, committed 10752K, reserved 1048576K
}
Event: 17.814 GC heap after
{Heap after GC invocations=48 (full 0):
 garbage-first heap   total 168960K, used 89091K [0x0000000080000000, 0x0000000100000000)
  region size 1024K, 5 young (5120K), 5 survivors (5120K)
 Metaspace       used 76956K, capacity 78973K, committed 79104K, reserved 1118208K
  class space    used 10024K, capacity 10728K, committed 10752K, reserved 1048576K
}
Event: 18.526 GC heap before
{Heap before GC invocations=49 (full 0):
 garbage-first heap   total 168960K, used 118787K [0x0000000080000000, 0x0000000100000000)
  region size 1024K, 35 young (35840K), 5 survivors (5120K)
 Metaspace       used 80020K, capacity 82141K, committed 82432K, reserved 1120256K
  class space    used 10434K, capacity 11174K, committed 11264K, reserved 1048576K
}
Event: 18.534 GC heap after
{Heap after GC invocations=50 (full 0):
 garbage-first heap   total 168960K, used 91609K [0x0000000080000000, 0x0000000100000000)
  region size 1024K, 5 young (5120K), 5 survivors (5120K)
 Metaspace       used 80020K, capacity 82141K, committed 82432K, reserved 1120256K
  class space    used 10434K, capacity 11174K, committed 11264K, reserved 1048576K
}
Event: 19.550 GC heap before
{Heap before GC invocations=51 (full 0):
 garbage-first heap   total 168960K, used 138713K [0x0000000080000000, 0x0000000100000000)
  region size 1024K, 42 young (43008K), 5 survivors (5120K)
 Metaspace       used 81863K, capacity 84189K, committed 84352K, reserved 1122304K
  class space    used 10712K, capacity 11547K, committed 11648K, reserved 1048576K
}
Event: 19.568 GC heap after
{Heap after GC invocations=52 (full 0):
 garbage-first heap   total 202752K, used 106496K [0x0000000080000000, 0x0000000100000000)
  region size 1024K, 6 young (6144K), 6 survivors (6144K)
 Metaspace       used 81863K, capacity 84189K, committed 84352K, reserved 1122304K
  class space    used 10712K, capacity 11547K, committed 11648K, reserved 1048576K
}
Event: 19.788 GC heap before
{Heap before GC invocations=52 (full 0):
 garbage-first heap   total 202752K, used 122880K [0x0000000080000000, 0x0000000100000000)
  region size 1024K, 23 young (23552K), 6 survivors (6144K)
 Metaspace       used 83504K, capacity 85925K, committed 86144K, reserved 1124352K
  class space    used 10903K, capacity 11778K, committed 11904K, reserved 1048576K
}
Event: 19.795 GC heap after
{Heap after GC invocations=53 (full 0):
 garbage-first heap   total 202752K, used 108475K [0x0000000080000000, 0x0000000100000000)
  region size 1024K, 2 young (2048K), 2 survivors (2048K)
 Metaspace       used 83504K, capacity 85925K, committed 86144K, reserved 1124352K
  class space    used 10903K, capacity 11778K, committed 11904K, reserved 1048576K
}
Event: 20.749 GC heap before
{Heap before GC invocations=54 (full 0):
 garbage-first heap   total 202752K, used 148411K [0x0000000080000000, 0x0000000100000000)
  region size 1024K, 40 young (40960K), 2 survivors (2048K)
 Metaspace       used 88064K, capacity 90346K, committed 90496K, reserved 1128448K
  class space    used 11486K, capacity 12304K, committed 12416K, reserved 1048576K
}
Event: 20.753 GC heap after
{Heap after GC invocations=55 (full 0):
 garbage-first heap   total 202752K, used 109146K [0x0000000080000000, 0x0000000100000000)
  region size 1024K, 2 young (2048K), 2 survivors (2048K)
 Metaspace       used 88064K, capacity 90346K, committed 90496K, reserved 1128448K
  class space    used 11486K, capacity 12304K, committed 12416K, reserved 1048576K
}

Deoptimization events (20 events):
Event: 21.202 Thread 0x0000002b925f2000 DEOPT PACKING pc=0x0000002b87f287c0 sp=0x0000002b96eaa740
Event: 21.202 Thread 0x0000002b925f2000 DEOPT UNPACKING pc=0x0000002b8004a1af sp=0x0000002b96eaa6e8 mode 2
Event: 21.202 Thread 0x0000002b925f2000 Uncommon trap: trap_request=0xffffffc6 fr.pc=0x0000002b87f287c0 relative=0x0000000000000440
Event: 21.202 Thread 0x0000002b925f2000 Uncommon trap: reason=bimorphic_or_optimized_type_check action=maybe_recompile pc=0x0000002b87f287c0 method=java.util.regex.Pattern$BmpCharPropertyGreedy.match(Ljava/util/regex/Matcher;ILjava/lang/CharSequence;)Z @ 70 c2
Event: 21.202 Thread 0x0000002b925f2000 DEOPT PACKING pc=0x0000002b87f287c0 sp=0x0000002b96eaa630
Event: 21.202 Thread 0x0000002b925f2000 DEOPT UNPACKING pc=0x0000002b8004a1af sp=0x0000002b96eaa5d8 mode 2
Event: 21.202 Thread 0x0000002b925f2000 Uncommon trap: trap_request=0xffffffc6 fr.pc=0x0000002b87f287c0 relative=0x0000000000000440
Event: 21.202 Thread 0x0000002b925f2000 Uncommon trap: reason=bimorphic_or_optimized_type_check action=maybe_recompile pc=0x0000002b87f287c0 method=java.util.regex.Pattern$BmpCharPropertyGreedy.match(Ljava/util/regex/Matcher;ILjava/lang/CharSequence;)Z @ 70 c2
Event: 21.202 Thread 0x0000002b925f2000 DEOPT PACKING pc=0x0000002b87f287c0 sp=0x0000002b96eaa400
Event: 21.202 Thread 0x0000002b925f2000 DEOPT UNPACKING pc=0x0000002b8004a1af sp=0x0000002b96eaa3a8 mode 2
Event: 21.202 Thread 0x0000002b925f2000 Uncommon trap: trap_request=0xffffff4d fr.pc=0x0000002b87f28780 relative=0x0000000000000400
Event: 21.202 Thread 0x0000002b925f2000 Uncommon trap: reason=unstable_if action=reinterpret pc=0x0000002b87f28780 method=java.util.regex.Pattern$BmpCharPropertyGreedy.match(Ljava/util/regex/Matcher;ILjava/lang/CharSequence;)Z @ 12 c2
Event: 21.202 Thread 0x0000002b925f2000 DEOPT PACKING pc=0x0000002b87f28780 sp=0x0000002b96eaa1d0
Event: 21.202 Thread 0x0000002b925f2000 DEOPT UNPACKING pc=0x0000002b8004a1af sp=0x0000002b96eaa188 mode 2
Event: 21.245 Thread 0x0000002b925f2000 DEOPT PACKING pc=0x0000002b81500b9e sp=0x0000002b96eaaac0
Event: 21.245 Thread 0x0000002b925f2000 DEOPT UNPACKING pc=0x0000002b8004a95e sp=0x0000002b96eaa020 mode 0
Event: 21.312 Thread 0x0000002b925f2000 Uncommon trap: trap_request=0xffffffc6 fr.pc=0x0000002b87d4723c relative=0x000000000000065c
Event: 21.312 Thread 0x0000002b925f2000 Uncommon trap: reason=bimorphic_or_optimized_type_check action=maybe_recompile pc=0x0000002b87d4723c method=java.io.BufferedInputStream.read1([BII)I @ 39 c2
Event: 21.312 Thread 0x0000002b925f2000 DEOPT PACKING pc=0x0000002b87d4723c sp=0x0000002b96eaa100
Event: 21.312 Thread 0x0000002b925f2000 DEOPT UNPACKING pc=0x0000002b8004a1af sp=0x0000002b96eaa0b8 mode 2

Classes redefined (0 events):
No events

Internal exceptions (20 events):
Event: 19.531 Thread 0x0000002b925f2000 Exception <a 'java/lang/ClassNotFoundException'{0x0000000087fcdeb0}: org/gradle/internal/extensibility/ExtensionsStorage$ExtensionHolderCustomizer> (0x0000000087fcdeb0) thrown at [./src/hotspot/share/classfile/systemDictionary.cpp, line 231]
Event: 19.543 Thread 0x0000002b925f2000 Exception <a 'java/lang/ClassNotFoundException'{0x0000000087c07f78}: org/codehaus/groovy/runtime/NullObjectBeanInfo> (0x0000000087c07f78) thrown at [./src/hotspot/share/classfile/systemDictionary.cpp, line 231]
Event: 19.548 Thread 0x0000002b925f2000 Exception <a 'java/lang/ClassNotFoundException'{0x0000000087bdcaf8}: org/codehaus/groovy/runtime/NullObjectCustomizer> (0x0000000087bdcaf8) thrown at [./src/hotspot/share/classfile/systemDictionary.cpp, line 231]
Event: 19.639 Thread 0x0000002b925f2000 Exception <a 'java/lang/ClassNotFoundException'{0x000000008bff6b28}: org/gradle/api/internal/tasks/DefaultSourceSetContainer_DecoratedBeanInfo> (0x000000008bff6b28) thrown at [./src/hotspot/share/classfile/systemDictionary.cpp, line 231]
Event: 19.640 Thread 0x0000002b925f2000 Exception <a 'java/lang/ClassNotFoundException'{0x000000008be18d18}: org/gradle/api/internal/tasks/DefaultSourceSetContainerBeanInfo> (0x000000008be18d18) thrown at [./src/hotspot/share/classfile/systemDictionary.cpp, line 231]
Event: 19.641 Thread 0x0000002b925f2000 Exception <a 'java/lang/ClassNotFoundException'{0x000000008be3aab0}: org/gradle/api/internal/tasks/DefaultSourceSetContainerCustomizer> (0x000000008be3aab0) thrown at [./src/hotspot/share/classfile/systemDictionary.cpp, line 231]
Event: 19.644 Thread 0x0000002b925f2000 Exception <a 'java/lang/ClassNotFoundException'{0x000000008be6b5c8}: org/gradle/api/internal/tasks/DefaultSourceSetContainer_DecoratedCustomizer> (0x000000008be6b5c8) thrown at [./src/hotspot/share/classfile/systemDictionary.cpp, line 231]
Event: 19.651 Thread 0x0000002b925f2000 Exception <a 'java/lang/NoSuchMethodError'{0x000000008beb2a50}: <clinit>> (0x000000008beb2a50) thrown at [./src/hotspot/share/prims/jni.cpp, line 1365]
Event: 19.653 Thread 0x0000002b925f2000 Exception <a 'java/lang/NoSuchMethodError'{0x000000008bed5538}: <clinit>> (0x000000008bed5538) thrown at [./src/hotspot/share/prims/jni.cpp, line 1365]
Event: 19.731 Thread 0x0000002b925f2000 Exception <a 'java/lang/NoSuchMethodError'{0x000000008b82f870}: <clinit>> (0x000000008b82f870) thrown at [./src/hotspot/share/prims/jni.cpp, line 1365]
Event: 19.732 Thread 0x0000002b925f2000 Exception <a 'java/lang/NoSuchMethodError'{0x000000008b83d580}: <clinit>> (0x000000008b83d580) thrown at [./src/hotspot/share/prims/jni.cpp, line 1365]
Event: 19.732 Thread 0x0000002b925f2000 Exception <a 'java/lang/NoSuchMethodError'{0x000000008b84a7c0}: <clinit>> (0x000000008b84a7c0) thrown at [./src/hotspot/share/prims/jni.cpp, line 1365]
Event: 20.221 Thread 0x0000002b925f2000 Exception <a 'sun/nio/fs/WindowsException'{0x000000008b6703d0}> (0x000000008b6703d0) thrown at [./src/hotspot/share/prims/jni.cpp, line 615]
Event: 20.221 Thread 0x0000002b925f2000 Exception <a 'sun/nio/fs/WindowsException'{0x000000008b6707a8}> (0x000000008b6707a8) thrown at [./src/hotspot/share/prims/jni.cpp, line 615]
Event: 20.472 Thread 0x0000002b925f2000 Exception <a 'java/lang/NullPointerException'{0x000000008abf4418}> (0x000000008abf4418) thrown at [./src/hotspot/share/interpreter/linkResolver.cpp, line 1440]
Event: 20.872 Thread 0x0000002b925f2000 Exception <a 'java/lang/NoSuchMethodError'{0x000000008c3faea8}: 'int java.lang.invoke.DirectMethodHandle$Holder.invokeStatic(java.lang.Object, java.lang.Object, int, java.lang.Object)'> (0x000000008c3faea8) thrown at [./src/hotspot/share/interpreter/linkResolver.cpp, line 773]
Event: 21.148 Thread 0x0000002b925f2000 Exception <a 'sun/nio/fs/WindowsException'{0x000000008c12cbb0}> (0x000000008c12cbb0) thrown at [./src/hotspot/share/prims/jni.cpp, line 615]
Event: 21.148 Thread 0x0000002b925f2000 Exception <a 'sun/nio/fs/WindowsException'{0x000000008c12dc90}> (0x000000008c12dc90) thrown at [./src/hotspot/share/prims/jni.cpp, line 615]
Event: 21.148 Thread 0x0000002b925f2000 Exception <a 'sun/nio/fs/WindowsException'{0x000000008c12edc0}> (0x000000008c12edc0) thrown at [./src/hotspot/share/prims/jni.cpp, line 615]
Event: 21.149 Thread 0x0000002b925f2000 Exception <a 'sun/nio/fs/WindowsException'{0x000000008c12fef0}> (0x000000008c12fef0) thrown at [./src/hotspot/share/prims/jni.cpp, line 615]

Events (20 events):
Event: 21.316 loading class org/gradle/api/internal/tasks/compile/incremental/recomp/RecompilationSpecProvider
Event: 21.316 loading class org/gradle/api/internal/tasks/compile/incremental/recomp/RecompilationSpecProvider done
Event: 21.318 loading class org/gradle/api/internal/tasks/compile/JavaCompileSpec
Event: 21.318 loading class org/gradle/api/internal/tasks/compile/JavaCompileSpec done
Event: 21.318 loading class org/gradle/api/internal/tasks/compile/JvmLanguageCompileSpec
Event: 21.318 loading class org/gradle/api/internal/tasks/compile/JvmLanguageCompileSpec done
Event: 21.320 loading class org/gradle/language/base/internal/compile/CompileSpec
Event: 21.320 loading class org/gradle/language/base/internal/compile/CompileSpec done
Event: 21.321 loading class org/gradle/api/internal/tasks/compile/DefaultJavaCompileSpec
Event: 21.321 loading class org/gradle/api/internal/tasks/compile/DefaultJavaCompileSpec done
Event: 21.323 loading class org/gradle/api/internal/tasks/compile/DefaultJvmLanguageCompileSpec
Event: 21.323 loading class org/gradle/api/internal/tasks/compile/DefaultJvmLanguageCompileSpec done
Event: 21.324 loading class org/gradle/api/internal/tasks/compile/CleaningJavaCompiler
Event: 21.324 loading class org/gradle/api/internal/tasks/compile/CleaningJavaCompiler done
Event: 21.325 loading class org/gradle/api/tasks/compile/CompileOptions
Event: 21.325 loading class org/gradle/api/tasks/compile/CompileOptions done
Event: 21.328 loading class org/gradle/api/internal/tasks/compile/incremental/recomp/JavaRecompilationSpecProvider
Event: 21.328 loading class org/gradle/api/internal/tasks/compile/incremental/recomp/JavaRecompilationSpecProvider done
Event: 21.330 loading class org/gradle/api/internal/tasks/compile/incremental/recomp/AbstractRecompilationSpecProvider
Event: 21.330 loading class org/gradle/api/internal/tasks/compile/incremental/recomp/AbstractRecompilationSpecProvider done


Dynamic libraries:
0x00007ff757990000 - 0x00007ff75799a000 	C:\Program Files\Android\Android Studio\jre\bin\java.exe
0x00007ffaca080000 - 0x00007ffaca22c000 	C:\WINDOWS\SYSTEM32\ntdll.dll
0x00007ffac8240000 - 0x00007ffac837a000 	C:\WINDOWS\system32\KERNEL32.DLL
0x00007ffac74c0000 - 0x00007ffac75cf000 	C:\WINDOWS\system32\KERNELBASE.dll
0x00007ffabd710000 - 0x00007ffabd729000 	C:\Program Files\Android\Android Studio\jre\bin\jli.dll
0x00007ffabd050000 - 0x00007ffabd067000 	C:\Program Files\Android\Android Studio\jre\bin\VCRUNTIME140.dll
0x00007ffac0670000 - 0x00007ffac0674000 	C:\WINDOWS\SYSTEM32\api-ms-win-crt-stdio-l1-1-0.dll
0x00007ffabe450000 - 0x00007ffabe454000 	C:\WINDOWS\SYSTEM32\api-ms-win-crt-runtime-l1-1-0.dll
0x00007ffabe400000 - 0x00007ffabe403000 	C:\WINDOWS\SYSTEM32\api-ms-win-crt-environment-l1-1-0.dll
0x00007ffabe200000 - 0x00007ffabe205000 	C:\WINDOWS\SYSTEM32\api-ms-win-crt-math-l1-1-0.dll
0x00007ffabe010000 - 0x00007ffabe013000 	C:\WINDOWS\SYSTEM32\api-ms-win-crt-locale-l1-1-0.dll
0x00007ffabe1d0000 - 0x00007ffabe1d3000 	C:\WINDOWS\SYSTEM32\api-ms-win-crt-heap-l1-1-0.dll
0x00007ffac4df0000 - 0x00007ffac504a000 	C:\WINDOWS\WinSxS\amd64_microsoft.windows.common-controls_6595b64144ccf1df_6.0.9600.17031_none_6242a4b3ecbb55a1\COMCTL32.dll
0x00007ffac79c0000 - 0x00007ffac7b31000 	C:\WINDOWS\system32\USER32.dll
0x00007ffabe1f0000 - 0x00007ffabe1f3000 	C:\WINDOWS\SYSTEM32\api-ms-win-crt-filesystem-l1-1-0.dll
0x00007ffabe4b0000 - 0x00007ffabe4b4000 	C:\WINDOWS\SYSTEM32\api-ms-win-crt-string-l1-1-0.dll
0x00007ffabe430000 - 0x00007ffabe434000 	C:\WINDOWS\SYSTEM32\api-ms-win-crt-convert-l1-1-0.dll
0x00007ffac84d0000 - 0x00007ffac8577000 	C:\WINDOWS\system32\msvcrt.dll
0x00007ffac8380000 - 0x00007ffac84c5000 	C:\WINDOWS\system32\GDI32.dll
0x00007ffab8b50000 - 0x00007ffab8c42000 	C:\WINDOWS\SYSTEM32\ucrtbase.DLL
0x00007ffac8070000 - 0x00007ffac80a4000 	C:\WINDOWS\system32\IMM32.DLL
0x00007ffac9f40000 - 0x00007ffaca079000 	C:\WINDOWS\system32\MSCTF.dll
0x00007ffaa6120000 - 0x00007ffaa61bd000 	C:\Program Files\Android\Android Studio\jre\bin\msvcp140.dll
0x00007ffabe5d0000 - 0x00007ffabe5d5000 	C:\WINDOWS\SYSTEM32\api-ms-win-crt-multibyte-l1-1-0.dll
0x00007ffabe1e0000 - 0x00007ffabe1e3000 	C:\WINDOWS\SYSTEM32\api-ms-win-crt-time-l1-1-0.dll
0x00007ffabe390000 - 0x00007ffabe393000 	C:\WINDOWS\SYSTEM32\api-ms-win-crt-utility-l1-1-0.dll
0x00007ffa9edc0000 - 0x00007ffa9f8a5000 	C:\Program Files\Android\Android Studio\jre\bin\server\jvm.dll
0x00007ffac7e80000 - 0x00007ffac7f25000 	C:\WINDOWS\system32\ADVAPI32.dll
0x00007ffab98c0000 - 0x00007ffab98c9000 	C:\WINDOWS\SYSTEM32\WSOCK32.dll
0x00007ffac0c80000 - 0x00007ffac0c9f000 	C:\WINDOWS\SYSTEM32\WINMM.dll
0x00007ffac06d0000 - 0x00007ffac06da000 	C:\WINDOWS\SYSTEM32\VERSION.dll
0x00007ffac81d0000 - 0x00007ffac81d7000 	C:\WINDOWS\system32\PSAPI.DLL
0x00007ffac8170000 - 0x00007ffac81c7000 	C:\WINDOWS\SYSTEM32\sechost.dll
0x00007ffac7f30000 - 0x00007ffac8066000 	C:\WINDOWS\system32\RPCRT4.dll
0x00007ffac7960000 - 0x00007ffac79b8000 	C:\WINDOWS\system32\WS2_32.dll
0x00007ffac0bc0000 - 0x00007ffac0bea000 	C:\WINDOWS\SYSTEM32\WINMMBASE.dll
0x00007ffac8b00000 - 0x00007ffac8b09000 	C:\WINDOWS\system32\NSI.dll
0x00007ffac77b0000 - 0x00007ffac77fa000 	C:\WINDOWS\SYSTEM32\cfgmgr32.dll
0x00007ffac6280000 - 0x00007ffac62a6000 	C:\WINDOWS\SYSTEM32\DEVOBJ.dll
0x00007ffac6220000 - 0x00007ffac622a000 	C:\WINDOWS\SYSTEM32\kernel.appcore.dll
0x00007ffabdd20000 - 0x00007ffabdd31000 	C:\Program Files\Android\Android Studio\jre\bin\verify.dll
0x00007ffab4ce0000 - 0x00007ffab4e68000 	C:\WINDOWS\SYSTEM32\DBGHELP.DLL
0x00007ffabdcf0000 - 0x00007ffabdd19000 	C:\Program Files\Android\Android Studio\jre\bin\java.dll
0x00007ffabe1c0000 - 0x00007ffabe1cb000 	C:\Program Files\Android\Android Studio\jre\bin\jimage.dll
0x00007ffabd5b0000 - 0x00007ffabd5c8000 	C:\Program Files\Android\Android Studio\jre\bin\zip.dll
0x00007ffac8b20000 - 0x00007ffac9f37000 	C:\WINDOWS\system32\SHELL32.dll
0x00007ffac7c00000 - 0x00007ffac7dd6000 	C:\WINDOWS\SYSTEM32\combase.dll
0x00007ffac7900000 - 0x00007ffac7951000 	C:\WINDOWS\system32\SHLWAPI.dll
0x00007ffac58b0000 - 0x00007ffac594f000 	C:\WINDOWS\SYSTEM32\SHCORE.dll
0x00007ffac73f0000 - 0x00007ffac7404000 	C:\WINDOWS\SYSTEM32\profapi.dll
0x00007ffabd590000 - 0x00007ffabd5aa000 	C:\Program Files\Android\Android Studio\jre\bin\net.dll
0x00007ffac14c0000 - 0x00007ffac1585000 	C:\WINDOWS\SYSTEM32\WINHTTP.dll
0x00007ffac6c50000 - 0x00007ffac6ca8000 	C:\WINDOWS\system32\mswsock.dll
0x00007ffabd520000 - 0x00007ffabd534000 	C:\Program Files\Android\Android Studio\jre\bin\nio.dll
0x00007ffabe470000 - 0x00007ffabe497000 	C:\Users\admi n\.gradle\native\e1d6ef7f7dcc3fd88c89a11ec53ec762bb8ba0a96d01ffa2cd45eb1d1d8dd5c5\windows-amd64\native-platform.dll
0x00007ffabe170000 - 0x00007ffabe17a000 	C:\Program Files\Android\Android Studio\jre\bin\management.dll
0x00007ffabe130000 - 0x00007ffabe13d000 	C:\Program Files\Android\Android Studio\jre\bin\management_ext.dll
0x00007ffac6cb0000 - 0x00007ffac6cce000 	C:\WINDOWS\SYSTEM32\CRYPTSP.dll
0x00007ffac68f0000 - 0x00007ffac6925000 	C:\WINDOWS\system32\rsaenh.dll
0x00007ffac6ee0000 - 0x00007ffac6f06000 	C:\WINDOWS\SYSTEM32\bcrypt.dll
0x00007ffac6a00000 - 0x00007ffac6a1e000 	C:\WINDOWS\SYSTEM32\USERENV.dll
0x00007ffac7260000 - 0x00007ffac72c0000 	C:\WINDOWS\system32\bcryptprimitives.dll
0x00007ffac72c0000 - 0x00007ffac72ca000 	C:\WINDOWS\SYSTEM32\CRYPTBASE.dll
0x00007ffac3420000 - 0x00007ffac3449000 	C:\WINDOWS\SYSTEM32\IPHLPAPI.DLL
0x00007ffac32e0000 - 0x00007ffac32ea000 	C:\WINDOWS\SYSTEM32\WINNSI.DLL
0x00007ffac2a50000 - 0x00007ffac2a64000 	C:\WINDOWS\SYSTEM32\dhcpcsvc6.DLL
0x00007ffac2a30000 - 0x00007ffac2a49000 	C:\WINDOWS\SYSTEM32\dhcpcsvc.DLL

dbghelp: loaded successfully - version: 4.0.5 - missing functions: none
symbol engine: initialized successfully - sym options: 0x614 - pdb path: .;C:\Program Files\Android\Android Studio\jre\bin;C:\WINDOWS\SYSTEM32;C:\WINDOWS\WinSxS\amd64_microsoft.windows.common-controls_6595b64144ccf1df_6.0.9600.17031_none_6242a4b3ecbb55a1;C:\Program Files\Android\Android Studio\jre\bin\server;C:\Users\admi n\.gradle\native\e1d6ef7f7dcc3fd88c89a11ec53ec762bb8ba0a96d01ffa2cd45eb1d1d8dd5c5\windows-amd64

VM Arguments:
jvm_args: --add-opens=java.base/java.util=ALL-UNNAMED --add-opens=java.base/java.lang=ALL-UNNAMED --add-opens=java.base/java.lang.invoke=ALL-UNNAMED --add-opens=java.base/java.util=ALL-UNNAMED --add-opens=java.prefs/java.util.prefs=ALL-UNNAMED --add-opens=java.prefs/java.util.prefs=ALL-UNNAMED --add-opens=java.base/java.nio.charset=ALL-UNNAMED --add-opens=java.base/java.net=ALL-UNNAMED --add-opens=java.base/java.util.concurrent.atomic=ALL-UNNAMED -Xmx2048m -Dfile.encoding=UTF-8 -Duser.country=US -Duser.language=en -Duser.variant 
java_command: org.gradle.launcher.daemon.bootstrap.GradleDaemon 7.3.3
java_class_path (initial): C:\Users\admi n\.gradle\wrapper\dists\gradle-7.3.3-bin\6a41zxkdtcxs8rphpq6y0069z\gradle-7.3.3\lib\gradle-launcher-7.3.3.jar
Launcher Type: SUN_STANDARD

[Global flags]
     intx CICompilerCount                          = 3                                         {product} {ergonomic}
     uint ConcGCThreads                            = 1                                         {product} {ergonomic}
     uint G1ConcRefinementThreads                  = 4                                         {product} {ergonomic}
   size_t G1HeapRegionSize                         = 1048576                                   {product} {ergonomic}
    uintx GCDrainStackTargetSize                   = 64                                        {product} {ergonomic}
   size_t InitialHeapSize                          = 67108864                                  {product} {ergonomic}
   size_t MarkStackSize                            = 4194304                                   {product} {ergonomic}
   size_t MaxHeapSize                              = 2147483648                                {product} {command line}
   size_t MaxNewSize                               = 1287651328                                {product} {ergonomic}
   size_t MinHeapDeltaBytes                        = 1048576                                   {product} {ergonomic}
    uintx NonNMethodCodeHeapSize                   = 5830732                                {pd product} {ergonomic}
    uintx NonProfiledCodeHeapSize                  = 122913754                              {pd product} {ergonomic}
    uintx ProfiledCodeHeapSize                     = 122913754                              {pd product} {ergonomic}
    uintx ReservedCodeCacheSize                    = 251658240                              {pd product} {ergonomic}
     bool SegmentedCodeCache                       = true                                      {product} {ergonomic}
     bool UseCompressedClassPointers               = true                                 {lp64_product} {ergonomic}
     bool UseCompressedOops                        = true                                 {lp64_product} {ergonomic}
     bool UseG1GC                                  = true                                      {product} {ergonomic}
     bool UseLargePagesIndividualAllocation        = false                                  {pd product} {ergonomic}

Logging:
Log output configuration:
 #0: stdout all=warning uptime,level,tags
 #1: stderr all=off uptime,level,tags

Environment Variables:
PATH=C:\ProgramData\Oracle\Java\javapath;C:\WINDOWS\system32;C:\WINDOWS;C:\WINDOWS\System32\Wbem;C:\WINDOWS\System32\WindowsPowerShell\v1.0\;C:\Program Files\Git\cmd;C:\ProgramData\chocolatey\bin;C:\Program Files\Java\jdk1.8.0_131\bin
USERNAME=GMIT LAB
OS=Windows_NT
PROCESSOR_IDENTIFIER=Intel64 Family 6 Model 42 Stepping 7, GenuineIntel



---------------  S Y S T E M  ---------------

OS: Windows 8.1 , 64 bit Build 9600 (6.3.9600.17056)
OS uptime: 0 days 5:11 hours

CPU:total 4 (initial active 4) (4 cores per cpu, 1 threads per core) family 6 model 42 stepping 7 microcode 0x28, cmov, cx8, fxsr, mmx, sse, sse2, sse3, ssse3, sse4.1, sse4.2, popcnt, avx, aes, clmul, tsc, tscinvbit

Memory: 4k page, system-wide physical 3984M (99M free)
TotalPageFile size 7056M (AvailPageFile size 5M)
current process WorkingSet (physical memory assigned to process): 435M, peak: 435M
current process commit charge ("private bytes"): 465M, peak: 465M

vm_info: OpenJDK 64-Bit Server VM (11.0.12+7-b1504.28-7817840) for windows-amd64 JRE (11.0.12+7-b1504.28-7817840), built on Oct 13 2021 22:12:33 by "builder" with MS VC++ 14.0 (VS2015)

END.
